Timing is on.
                                                                                                                               QUERY PLAN                                                                                                                                
-------------------------------------------------------------------------------------------------------------------------------------------------------------------------------------------------------------------------------------------------------------------------
 HashAggregate  (cost=285163.65..293946.61 rows=878296 width=125)
   Group Key: f0.l_orderkey, f0.l_partkey, f0.l_suppkey, f0.l_linenumber, f0.l_quantity, f0.l_extendedprice, f0.l_discount, f0.l_tax, f0.l_returnflag, f0.l_linestatus, f0.l_shipdate, f0.l_commitdate, f0.l_receiptdate, f0.l_shipinstruct, f0.l_shipmode, f0.l_comment
   CTE _temp_view_0
     ->  Seq Scan on rtpcq01 f0_2  (cost=0.00..1.01 rows=1 width=68)
   ->  Hash Join  (cost=0.08..245771.20 rows=984786 width=125)
         Hash Cond: (((f0.l_returnflag)::text = (f0_1."A0")::text) AND ((f0.l_linestatus)::text = (f0_1."A1")::text))
         ->  Seq Scan on lineitem f0  (cost=0.00..191607.91 rows=5908713 width=125)
               Filter: (l_shipdate <= '1998-09-01'::date)
         ->  Hash  (cost=0.07..0.07 rows=1 width=16)
               ->  Subquery Scan on f0_1  (cost=0.04..0.07 rows=1 width=16)
                     ->  HashAggregate  (cost=0.04..0.06 rows=1 width=80)
                           Group Key: _temp_view_0.x1, _temp_view_0.x2, _temp_view_0.x3, _temp_view_0.x4, _temp_view_0.x5, _temp_view_0.x6, _temp_view_0.x7, _temp_view_0.x8, _temp_view_0.x9, _temp_view_0.x10
                           ->  CTE Scan on _temp_view_0  (cost=0.00..0.02 rows=1 width=80)
(13 rows)

Time: 21.474 ms