Timing is on.
                                                                                                                                                                                                  QUERY PLAN                                                                                                                                                                                                  
--------------------------------------------------------------------------------------------------------------------------------------------------------------------------------------------------------------------------------------------------------------------------------------------------------------------------------------------------------------------------------------------------------------
 Unique  (cost=56278.27..56278.29 rows=1 width=157)
   ->  Sort  (cost=56278.27..56278.28 rows=1 width=157)
         Sort Key: f0.ps_partkey, f0.ps_suppkey, f0.ps_availqty, f0.ps_supplycost, f0.ps_comment
         ->  Gather  (cost=29156.48..56278.26 rows=1 width=157)
               Workers Planned: 2
               ->  Parallel Hash Join  (cost=28156.48..55278.16 rows=1 width=157)
                     Hash Cond: (((f0_5.n_name)::text = (f0_10.n_name)::text) AND (f0_12."A1" = date_part('year'::text, (f0_11.o_orderdate)::timestamp without time zone)) AND (((f0_2.l_extendedprice * ('1'::double precision - f0_2.l_discount)) - (f0.ps_supplycost * f0_2.l_quantity)) = ((f0_8.l_extendedprice * ('1'::double precision - f0_8.l_discount)) - (f0_9.ps_supplycost * f0_8.l_quantity))))
                     ->  Hash Join  (cost=455.87..27495.44 rows=5 width=209)
                           Hash Cond: (((f0_5.n_name)::text = (f0_12."A0")::text) AND (date_part('year'::text, (f0_4.o_orderdate)::timestamp without time zone) = f0_12."A1"))
                           ->  Nested Loop  (cost=454.85..27241.81 rows=25255 width=193)
                                 ->  Nested Loop  (cost=454.42..15452.97 rows=25255 width=197)
                                       ->  Hash Join  (cost=453.99..11543.81 rows=3367 width=181)
                                             Hash Cond: (f0_3.s_nationkey = f0_5.n_nationkey)
                                             ->  Hash Join  (cost=452.43..11531.91 rows=3367 width=181)
                                                   Hash Cond: (f0.ps_suppkey = f0_3.s_suppkey)
                                                   ->  Nested Loop  (cost=0.42..11071.07 rows=3367 width=165)
                                                         ->  Parallel Seq Scan on part f0_1  (cost=0.00..5116.67 rows=842 width=8)
                                                               Filter: ((p_name)::text ~~ '%green%'::text)
                                                         ->  Index Scan using fkey_8 on partsupp f0  (cost=0.42..7.03 rows=4 width=157)
                                                               Index Cond: (ps_partkey = f0_1.p_partkey)
                                                   ->  Hash  (cost=327.00..327.00 rows=10000 width=16)
                                                         ->  Seq Scan on supplier f0_3  (cost=0.00..327.00 rows=10000 width=16)
                                             ->  Hash  (cost=1.25..1.25 rows=25 width=16)
                                                   ->  Seq Scan on nation f0_5  (cost=0.00..1.25 rows=25 width=16)
                                       ->  Index Scan using fkey_3 on lineitem f0_2  (cost=0.43..1.15 rows=1 width=48)
                                             Index Cond: ((l_partkey = f0.ps_partkey) AND (l_suppkey = f0.ps_suppkey))
                                 ->  Index Scan using orders_pkey on orders f0_4  (cost=0.43..0.47 rows=1 width=12)
                                       Index Cond: (o_orderkey = f0_2.l_orderkey)
                           ->  Hash  (cost=1.01..1.01 rows=1 width=16)
                                 ->  Seq Scan on rtpcq09 f0_12  (cost=0.00..1.01 rows=1 width=16)
                     ->  Parallel Hash  (cost=27258.65..27258.65 rows=25255 width=44)
                           ->  Nested Loop  (cost=454.85..27258.65 rows=25255 width=44)
                                 ->  Nested Loop  (cost=454.42..15469.80 rows=25255 width=48)
                                       Join Filter: ((f0_6.p_partkey = f0_8.l_partkey) AND (f0_7.s_suppkey = f0_8.l_suppkey))
                                       ->  Hash Join  (cost=453.99..11543.81 rows=3367 width=48)
                                             Hash Cond: (f0_7.s_nationkey = f0_10.n_nationkey)
                                             ->  Hash Join  (cost=452.43..11531.91 rows=3367 width=48)
                                                   Hash Cond: (f0_9.ps_suppkey = f0_7.s_suppkey)
                                                   ->  Nested Loop  (cost=0.42..11071.07 rows=3367 width=32)
                                                         ->  Parallel Seq Scan on part f0_6  (cost=0.00..5116.67 rows=842 width=8)
                                                               Filter: ((p_name)::text ~~ '%green%'::text)
                                                         ->  Index Scan using fkey_8 on partsupp f0_9  (cost=0.42..7.03 rows=4 width=24)
                                                               Index Cond: (ps_partkey = f0_6.p_partkey)
                                                   ->  Hash  (cost=327.00..327.00 rows=10000 width=16)
                                                         ->  Seq Scan on supplier f0_7  (cost=0.00..327.00 rows=10000 width=16)
                                             ->  Hash  (cost=1.25..1.25 rows=25 width=16)
                                                   ->  Seq Scan on nation f0_10  (cost=0.00..1.25 rows=25 width=16)
                                       ->  Index Scan using fkey_3 on lineitem f0_8  (cost=0.43..1.15 rows=1 width=48)
                                             Index Cond: ((l_partkey = f0_9.ps_partkey) AND (l_suppkey = f0_9.ps_suppkey))
                                 ->  Index Scan using orders_pkey on orders f0_11  (cost=0.43..0.47 rows=1 width=12)
                                       Index Cond: (o_orderkey = f0_8.l_orderkey)
(51 rows)

Time: 15.076 ms