Timing is on.
                                                                                                                                                                                                                                   QUERY PLAN                                                                                                                                                                                                                                    
---------------------------------------------------------------------------------------------------------------------------------------------------------------------------------------------------------------------------------------------------------------------------------------------------------------------------------------------------------------------------------------------------------------------------------------------------------------------------------
 Unique  (cost=77050.39..77050.42 rows=1 width=125)
   ->  Sort  (cost=77050.39..77050.39 rows=1 width=125)
         Sort Key: f0_7.p_partkey, f0_7.p_name, f0_7.p_mfgr, f0_7.p_brand, f0_7.p_type, f0_7.p_size, f0_7.p_container, f0_7.p_retailprice, f0_7.p_comment
         ->  Hash Join  (cost=74247.11..77050.38 rows=1 width=125)
               Hash Cond: (((f0_5.n_name)::text = (f0_11.n_name)::text) AND ((date_part('year'::text, (f0_6.o_orderdate)::timestamp without time zone)) = (date_part('year'::text, (f0_12.o_orderdate)::timestamp without time zone))) AND ((((f0_3.l_extendedprice * ('1'::double precision - f0_3.l_discount)) - (f0_4.ps_supplycost * f0_3.l_quantity))) = (((f0_9.l_extendedprice * ('1'::double precision - f0_9.l_discount)) - (f0_10.ps_supplycost * f0_9.l_quantity)))))
               ->  HashAggregate  (cost=35153.16..36668.43 rows=60611 width=24)
                     Group Key: f0_5.n_name, (date_part('year'::text, (f0_6.o_orderdate)::timestamp without time zone)), (((f0_3.l_extendedprice * ('1'::double precision - f0_3.l_discount)) - (f0_4.ps_supplycost * f0_3.l_quantity)))
                     ->  Gather  (cost=1454.85..34698.57 rows=60611 width=24)
                           Workers Planned: 2
                           ->  Nested Loop  (cost=454.85..27637.47 rows=25255 width=24)
                                 ->  Nested Loop  (cost=454.42..15469.80 rows=25255 width=48)
                                       Join Filter: ((f0_1.p_partkey = f0_3.l_partkey) AND (f0_2.s_suppkey = f0_3.l_suppkey))
                                       ->  Hash Join  (cost=453.99..11543.81 rows=3367 width=48)
                                             Hash Cond: (f0_2.s_nationkey = f0_5.n_nationkey)
                                             ->  Hash Join  (cost=452.43..11531.91 rows=3367 width=48)
                                                   Hash Cond: (f0_4.ps_suppkey = f0_2.s_suppkey)
                                                   ->  Nested Loop  (cost=0.42..11071.07 rows=3367 width=32)
                                                         ->  Parallel Seq Scan on part f0_1  (cost=0.00..5116.67 rows=842 width=8)
                                                               Filter: ((p_name)::text ~~ '%green%'::text)
                                                         ->  Index Scan using fkey_8 on partsupp f0_4  (cost=0.42..7.03 rows=4 width=24)
                                                               Index Cond: (ps_partkey = f0_1.p_partkey)
                                                   ->  Hash  (cost=327.00..327.00 rows=10000 width=16)
                                                         ->  Seq Scan on supplier f0_2  (cost=0.00..327.00 rows=10000 width=16)
                                             ->  Hash  (cost=1.25..1.25 rows=25 width=16)
                                                   ->  Seq Scan on nation f0_5  (cost=0.00..1.25 rows=25 width=16)
                                       ->  Index Scan using fkey_3 on lineitem f0_3  (cost=0.43..1.15 rows=1 width=48)
                                             Index Cond: ((l_partkey = f0_4.ps_partkey) AND (l_suppkey = f0_4.ps_suppkey))
                                 ->  Index Scan using orders_pkey on orders f0_6  (cost=0.43..0.47 rows=1 width=12)
                                       Index Cond: (o_orderkey = f0_3.l_orderkey)
               ->  Hash  (cost=39093.92..39093.92 rows=2 width=165)
                     ->  Hash Join  (cost=36517.93..39093.92 rows=2 width=165)
                           Hash Cond: (((f0_11.n_name)::text = (f0."A0")::text) AND ((date_part('year'::text, (f0_12.o_orderdate)::timestamp without time zone)) = f0."A1"))
                           ->  HashAggregate  (cost=36516.90..38032.18 rows=60611 width=149)
                                 Group Key: f0_7.p_partkey, f0_7.p_name, f0_7.p_mfgr, f0_7.p_brand, f0_7.p_type, f0_7.p_size, f0_7.p_container, f0_7.p_retailprice, f0_7.p_comment, f0_11.n_name, (date_part('year'::text, (f0_12.o_orderdate)::timestamp without time zone)), (((f0_9.l_extendedprice * ('1'::double precision - f0_9.l_discount)) - (f0_10.ps_supplycost * f0_9.l_quantity)))
                                 ->  Gather  (cost=1454.85..34698.57 rows=60611 width=149)
                                       Workers Planned: 2
                                       ->  Nested Loop  (cost=454.85..27637.47 rows=25255 width=149)
                                             ->  Nested Loop  (cost=454.42..15469.80 rows=25255 width=173)
                                                   Join Filter: ((f0_7.p_partkey = f0_9.l_partkey) AND (f0_8.s_suppkey = f0_9.l_suppkey))
                                                   ->  Hash Join  (cost=453.99..11543.81 rows=3367 width=165)
                                                         Hash Cond: (f0_8.s_nationkey = f0_11.n_nationkey)
                                                         ->  Hash Join  (cost=452.43..11531.91 rows=3367 width=165)
                                                               Hash Cond: (f0_10.ps_suppkey = f0_8.s_suppkey)
                                                               ->  Nested Loop  (cost=0.42..11071.07 rows=3367 width=149)
                                                                     ->  Parallel Seq Scan on part f0_7  (cost=0.00..5116.67 rows=842 width=125)
                                                                           Filter: ((p_name)::text ~~ '%green%'::text)
                                                                     ->  Index Scan using fkey_8 on partsupp f0_10  (cost=0.42..7.03 rows=4 width=24)
                                                                           Index Cond: (ps_partkey = f0_7.p_partkey)
                                                               ->  Hash  (cost=327.00..327.00 rows=10000 width=16)
                                                                     ->  Seq Scan on supplier f0_8  (cost=0.00..327.00 rows=10000 width=16)
                                                         ->  Hash  (cost=1.25..1.25 rows=25 width=16)
                                                               ->  Seq Scan on nation f0_11  (cost=0.00..1.25 rows=25 width=16)
                                                   ->  Index Scan using fkey_3 on lineitem f0_9  (cost=0.43..1.15 rows=1 width=48)
                                                         Index Cond: ((l_partkey = f0_10.ps_partkey) AND (l_suppkey = f0_10.ps_suppkey))
                                             ->  Index Scan using orders_pkey on orders f0_12  (cost=0.43..0.47 rows=1 width=12)
                                                   Index Cond: (o_orderkey = f0_9.l_orderkey)
                           ->  Hash  (cost=1.01..1.01 rows=1 width=16)
                                 ->  Seq Scan on rtpcq09 f0  (cost=0.00..1.01 rows=1 width=16)
(58 rows)

Time: 20.706 ms