Timing is on.
                                                                                                                                         QUERY PLAN                                                                                                                                         
--------------------------------------------------------------------------------------------------------------------------------------------------------------------------------------------------------------------------------------------------------------------------------------------
 Unique  (cost=156285.13..156951.14 rows=1 width=147)
   CTE _temp_view_0
     ->  Unique  (cost=78056.12..78080.11 rows=2399 width=24)
           ->  Sort  (cost=78056.12..78062.12 rows=2399 width=24)
                 Sort Key: (date_part('YEAR'::text, (f0_14.o_orderdate)::timestamp without time zone)), ((f0_15.l_extendedprice * ('1'::double precision - f0_15.l_discount))), f0_10.n_name
                 ->  Gather  (cost=1005.64..77921.44 rows=2399 width=24)
                       Workers Planned: 2
                       ->  Hash Join  (cost=5.64..76681.54 rows=1000 width=24)
                             Hash Cond: (f0_9.s_nationkey = f0_10.n_nationkey)
                             ->  Nested Loop  (cost=4.07..76666.91 rows=1000 width=28)
                                   ->  Hash Join  (cost=3.79..76364.23 rows=1000 width=28)
                                         Hash Cond: (f0_11.c_nationkey = f0_12.n_nationkey)
                                         ->  Nested Loop  (cost=1.28..76332.98 rows=4999 width=36)
                                               ->  Nested Loop  (cost=0.86..73960.80 rows=4999 width=36)
                                                     ->  Nested Loop  (cost=0.43..66139.42 rows=16578 width=32)
                                                           ->  Parallel Seq Scan on part f0_16  (cost=0.00..5116.67 rows=552 width=8)
                                                                 Filter: ((p_type)::text = 'ECONOMY ANODIZED STEEL'::text)
                                                           ->  Index Scan using fkey_4 on lineitem f0_15  (cost=0.43..110.24 rows=31 width=40)
                                                                 Index Cond: (l_partkey = f0_16.p_partkey)
                                                     ->  Index Scan using orders_pkey on orders f0_14  (cost=0.43..0.47 rows=1 width=20)
                                                           Index Cond: (o_orderkey = f0_15.l_orderkey)
                                                           Filter: ((o_orderdate >= '1995-01-01'::date) AND (o_orderdate < '1996-12-31'::date))
                                               ->  Index Scan using customer_pkey on customer f0_11  (cost=0.42..0.47 rows=1 width=16)
                                                     Index Cond: (c_custkey = f0_14.o_custkey)
                                         ->  Hash  (cost=2.45..2.45 rows=5 width=8)
                                               ->  Hash Join  (cost=1.07..2.45 rows=5 width=8)
                                                     Hash Cond: (f0_12.n_regionkey = f0_13.r_regionkey)
                                                     ->  Seq Scan on nation f0_12  (cost=0.00..1.25 rows=25 width=16)
                                                     ->  Hash  (cost=1.06..1.06 rows=1 width=8)
                                                           ->  Seq Scan on region f0_13  (cost=0.00..1.06 rows=1 width=8)
                                                                 Filter: ((r_name)::text = 'AMERICA'::text)
                                   ->  Index Scan using supplier_pkey on supplier f0_9  (cost=0.29..0.30 rows=1 width=16)
                                         Index Cond: (s_suppkey = f0_15.l_suppkey)
                             ->  Hash  (cost=1.25..1.25 rows=25 width=16)
                                   ->  Seq Scan on nation f0_10  (cost=0.00..1.25 rows=25 width=16)
   CTE _temp_view_2
     ->  HashAggregate  (cost=71.97..73.97 rows=200 width=24)
           Group Key: _temp_view_0_1."A0"
           ->  CTE Scan on _temp_view_0 _temp_view_0_1  (cost=0.00..47.98 rows=2399 width=84)
   CTE _temp_view_1
     ->  CTE Scan on _temp_view_2  (cost=0.00..4.00 rows=200 width=24)
   CTE _temp_view_4
     ->  Seq Scan on rtpcq08 f0_17  (cost=0.00..1.01 rows=1 width=16)
   ->  Nested Loop  (cost=78126.04..78792.04 rows=1 width=147)
         Join Filter: (((date_part('YEAR'::text, (f0_5.o_orderdate)::timestamp without time zone)) = _temp_view_0."A0") AND (((f0_6.l_extendedprice * ('1'::double precision - f0_6.l_discount))) = _temp_view_0."A1") AND ((f0_1.n_name)::text = (_temp_view_0."A2")::text))
         ->  Unique  (cost=78056.12..78122.09 rows=2399 width=171)
               ->  Sort  (cost=78056.12..78062.12 rows=2399 width=171)
                     Sort Key: f0.s_suppkey, f0.s_name, f0.s_address, f0.s_nationkey, f0.s_phone, f0.s_acctbal, f0.s_comment, (date_part('YEAR'::text, (f0_5.o_orderdate)::timestamp without time zone)), ((f0_6.l_extendedprice * ('1'::double precision - f0_6.l_discount))), f0_1.n_name
                     ->  Gather  (cost=1005.64..77921.44 rows=2399 width=171)
                           Workers Planned: 2
                           ->  Hash Join  (cost=5.64..76681.54 rows=1000 width=171)
                                 Hash Cond: (f0.s_nationkey = f0_1.n_nationkey)
                                 ->  Nested Loop  (cost=4.07..76666.91 rows=1000 width=167)
                                       ->  Hash Join  (cost=3.79..76364.23 rows=1000 width=28)
                                             Hash Cond: (f0_2.c_nationkey = f0_3.n_nationkey)
                                             ->  Nested Loop  (cost=1.28..76332.98 rows=4999 width=36)
                                                   ->  Nested Loop  (cost=0.86..73960.80 rows=4999 width=36)
                                                         ->  Nested Loop  (cost=0.43..66139.42 rows=16578 width=32)
                                                               ->  Parallel Seq Scan on part f0_7  (cost=0.00..5116.67 rows=552 width=8)
                                                                     Filter: ((p_type)::text = 'ECONOMY ANODIZED STEEL'::text)
                                                               ->  Index Scan using fkey_4 on lineitem f0_6  (cost=0.43..110.24 rows=31 width=40)
                                                                     Index Cond: (l_partkey = f0_7.p_partkey)
                                                         ->  Index Scan using orders_pkey on orders f0_5  (cost=0.43..0.47 rows=1 width=20)
                                                               Index Cond: (o_orderkey = f0_6.l_orderkey)
                                                               Filter: ((o_orderdate >= '1995-01-01'::date) AND (o_orderdate < '1996-12-31'::date))
                                                   ->  Index Scan using customer_pkey on customer f0_2  (cost=0.42..0.47 rows=1 width=16)
                                                         Index Cond: (c_custkey = f0_5.o_custkey)
                                             ->  Hash  (cost=2.45..2.45 rows=5 width=8)
                                                   ->  Hash Join  (cost=1.07..2.45 rows=5 width=8)
                                                         Hash Cond: (f0_3.n_regionkey = f0_4.r_regionkey)
                                                         ->  Seq Scan on nation f0_3  (cost=0.00..1.25 rows=25 width=16)
                                                         ->  Hash  (cost=1.06..1.06 rows=1 width=8)
                                                               ->  Seq Scan on region f0_4  (cost=0.00..1.06 rows=1 width=8)
                                                                     Filter: ((r_name)::text = 'AMERICA'::text)
                                       ->  Index Scan using supplier_pkey on supplier f0  (cost=0.29..0.30 rows=1 width=147)
                                             Index Cond: (s_suppkey = f0_6.l_suppkey)
                                 ->  Hash  (cost=1.25..1.25 rows=25 width=16)
                                       ->  Seq Scan on nation f0_1  (cost=0.00..1.25 rows=25 width=16)
         ->  Materialize  (cost=69.92..70.22 rows=12 width=84)
               ->  Unique  (cost=69.92..70.04 rows=12 width=84)
                     ->  Sort  (cost=69.92..69.95 rows=12 width=84)
                           Sort Key: _temp_view_0."A0", _temp_view_0."A1", _temp_view_0."A2"
                           ->  Hash Join  (cost=12.61..69.71 rows=12 width=84)
                                 Hash Cond: (_temp_view_0."A0" = f0_8."A0")
                                 ->  CTE Scan on _temp_view_0  (cost=0.00..47.98 rows=2399 width=84)
                                 ->  Hash  (cost=12.60..12.60 rows=1 width=8)
                                       ->  Subquery Scan on f0_8  (cost=12.58..12.60 rows=1 width=8)
                                             ->  Unique  (cost=12.58..12.59 rows=1 width=24)
                                                   ->  Sort  (cost=12.58..12.58 rows=1 width=24)
                                                         Sort Key: _temp_view_1.year, _temp_view_1.x, _temp_view_1.y
                                                         ->  Hash Join  (cost=7.04..12.57 rows=1 width=24)
                                                               Hash Cond: ((_temp_view_1.year = _temp_view_4.x1) AND (((_temp_view_1.x / _temp_view_1.y)) = _temp_view_4.x2))
                                                               ->  HashAggregate  (cost=6.98..9.47 rows=199 width=40)
                                                                     Group Key: _temp_view_1.year, _temp_view_1.x, _temp_view_1.y, _temp_view_1.year, (_temp_view_1.x / _temp_view_1.y)
                                                                     ->  CTE Scan on _temp_view_1  (cost=0.00..4.50 rows=199 width=40)
                                                                           Filter: (year IS NOT NULL)
                                                               ->  Hash  (cost=0.05..0.05 rows=1 width=16)
                                                                     ->  HashAggregate  (cost=0.03..0.04 rows=1 width=16)
                                                                           Group Key: _temp_view_4.x1, _temp_view_4.x2
                                                                           ->  CTE Scan on _temp_view_4  (cost=0.00..0.02 rows=1 width=16)
(100 rows)

Time: 15.858 ms