Timing is on.
                                                                                                               QUERY PLAN                                                                                                               
----------------------------------------------------------------------------------------------------------------------------------------------------------------------------------------------------------------------------------------
 Unique  (cost=9.65..9.66 rows=1 width=99)
   ->  Sort  (cost=9.65..9.65 rows=1 width=99)
         Sort Key: f0.n_nationkey, f0.n_name, f0.n_regionkey, f0.n_comment
         ->  Nested Loop  (cost=0.56..9.64 rows=1 width=99)
               Join Filter: ((f0_2."A4")::text = (f0.n_name)::text)
               ->  Nested Loop  (cost=0.42..9.47 rows=1 width=14)
                     ->  Seq Scan on rtpcq10 f0_2  (cost=0.00..1.01 rows=1 width=119)
                     ->  Index Scan using customer_pkey on customer f0_1  (cost=0.42..8.45 rows=1 width=158)
                           Index Cond: (c_custkey = f0_2."A0")
                           Filter: (((f0_2."A1")::text = (c_name)::text) AND (f0_2."A3" = c_acctbal) AND ((f0_2."A5")::text = (c_address)::text) AND ((f0_2."A6")::text = (c_phone)::text) AND ((f0_2."A7")::text = (c_comment)::text))
               ->  Index Scan using nation_pkey on nation f0  (cost=0.14..0.16 rows=1 width=99)
                     Index Cond: (n_nationkey = f0_1.c_nationkey)
(12 rows)

Time: 4.201 ms