Timing is on.
                                                                                                                               QUERY PLAN                                                                                                                                
-------------------------------------------------------------------------------------------------------------------------------------------------------------------------------------------------------------------------------------------------------------------------
 HashAggregate  (cost=172427.51..173153.39 rows=72588 width=125)
   Group Key: f0.l_orderkey, f0.l_partkey, f0.l_suppkey, f0.l_linenumber, f0.l_quantity, f0.l_extendedprice, f0.l_discount, f0.l_tax, f0.l_returnflag, f0.l_linestatus, f0.l_shipdate, f0.l_commitdate, f0.l_receiptdate, f0.l_shipinstruct, f0.l_shipmode, f0.l_comment
   ->  Nested Loop  (cost=6950.00..169415.99 rows=75288 width=125)
         ->  Seq Scan on rtpcq14 f0_2  (cost=0.00..1.01 rows=1 width=0)
         ->  Gather  (cost=6950.00..168662.10 rows=75288 width=125)
               Workers Planned: 2
               ->  Parallel Hash Join  (cost=5950.00..160133.30 rows=31370 width=125)
                     Hash Cond: (f0.l_partkey = f0_1.p_partkey)
                     ->  Parallel Seq Scan on lineitem f0  (cost=0.00..154100.96 rows=31370 width=125)
                           Filter: ((l_shipdate >= '1995-09-01'::date) AND (l_shipdate < '1995-10-01'::date))
                     ->  Parallel Hash  (cost=4908.33..4908.33 rows=83333 width=8)
                           ->  Parallel Seq Scan on part f0_1  (cost=0.00..4908.33 rows=83333 width=8)
(12 rows)

Time: 6.365 ms