Timing is on.
                                                                                                                               QUERY PLAN                                                                                                                                
-------------------------------------------------------------------------------------------------------------------------------------------------------------------------------------------------------------------------------------------------------------------------
 HashAggregate  (cost=190821.94..191892.72 rows=107078 width=125)
   Group Key: f0.l_orderkey, f0.l_partkey, f0.l_suppkey, f0.l_linenumber, f0.l_quantity, f0.l_extendedprice, f0.l_discount, f0.l_tax, f0.l_returnflag, f0.l_linestatus, f0.l_shipdate, f0.l_commitdate, f0.l_receiptdate, f0.l_shipinstruct, f0.l_shipmode, f0.l_comment
   ->  Nested Loop  (cost=1000.00..186297.54 rows=113110 width=125)
         ->  Seq Scan on rtpcq06 f0_1  (cost=0.00..1.01 rows=1 width=0)
         ->  Gather  (cost=1000.00..185165.43 rows=113110 width=125)
               Workers Planned: 2
               ->  Parallel Seq Scan on lineitem f0  (cost=0.00..172854.43 rows=47129 width=125)
                     Filter: ((l_shipdate >= '1994-01-01'::date) AND (l_shipdate < '1995-01-01'::date) AND (l_discount >= '0.05'::double precision) AND (l_discount <= '0.07'::double precision) AND (l_quantity < '24'::double precision))
(8 rows)

Time: 6.233 ms