Timing is on.
                                                                                                                               QUERY PLAN                                                                                                                                
-------------------------------------------------------------------------------------------------------------------------------------------------------------------------------------------------------------------------------------------------------------------------
 HashAggregate  (cost=75040.08..75256.19 rows=21611 width=125)
   Group Key: f0.l_orderkey, f0.l_partkey, f0.l_suppkey, f0.l_linenumber, f0.l_quantity, f0.l_extendedprice, f0.l_discount, f0.l_tax, f0.l_returnflag, f0.l_linestatus, f0.l_shipdate, f0.l_commitdate, f0.l_receiptdate, f0.l_shipinstruct, f0.l_shipmode, f0.l_comment
   ->  Gather  (cost=1001.89..74175.64 rows=21611 width=125)
         Workers Planned: 2
         ->  Nested Loop  (cost=1.89..71014.54 rows=9005 width=125)
               Join Filter: (f0_1.o_orderkey = f0_2.l_orderkey)
               ->  Nested Loop  (cost=1.46..63715.27 rows=6752 width=133)
                     ->  Hash Join  (cost=1.02..38100.59 rows=5063 width=8)
                           Hash Cond: ((f0_1.o_orderpriority)::text = (f0_3."A0")::text)
                           ->  Parallel Seq Scan on orders f0_1  (cost=0.00..37954.00 rows=25316 width=17)
                                 Filter: ((o_orderdate >= '1993-07-01'::date) AND (o_orderdate < '1993-10-01'::date))
                           ->  Hash  (cost=1.01..1.01 rows=1 width=9)
                                 ->  Seq Scan on rtpcq04 f0_3  (cost=0.00..1.01 rows=1 width=9)
                     ->  Index Scan using fkey_2 on lineitem f0  (cost=0.43..5.01 rows=5 width=125)
                           Index Cond: (l_orderkey = f0_1.o_orderkey)
                           Filter: (l_commitdate < l_receiptdate)
               ->  Index Scan using fkey_2 on lineitem f0_2  (cost=0.43..1.02 rows=5 width=8)
                     Index Cond: (l_orderkey = f0.l_orderkey)
                     Filter: (l_commitdate < l_receiptdate)
(19 rows)

Time: 5.661 ms