Timing is on.
                                                                                                                                                                                                             QUERY PLAN                                                                                                                                                                                                             
------------------------------------------------------------------------------------------------------------------------------------------------------------------------------------------------------------------------------------------------------------------------------------------------------------------------------------------------------------------------------------------------------------------------------------
 Unique  (cost=230803.61..231388.75 rows=1 width=112)
   CTE _temp_view_0
     ->  Unique  (cost=0.06..0.08 rows=2 width=64)
           ->  Sort  (cost=0.06..0.07 rows=2 width=64)
                 Sort Key: ('FRANCE'::text), ('GERMANY'::text)
                 ->  Append  (cost=0.00..0.05 rows=2 width=64)
                       ->  Result  (cost=0.00..0.01 rows=1 width=64)
                       ->  Result  (cost=0.00..0.01 rows=1 width=64)
   ->  Nested Loop  (cost=230803.53..231388.65 rows=1 width=112)
         Join Filter: (((f0_11.n_name)::text = (f0_5.n_name)::text) AND ((f0_12.n_name)::text = (f0_6.n_name)::text) AND ((date_part('year'::text, (f0_8.l_shipdate)::timestamp without time zone)) = (date_part('year'::text, (f0_2.l_shipdate)::timestamp without time zone))) AND (((f0_8.l_extendedprice * ('1'::double precision - f0_8.l_discount))) = ((f0_2.l_extendedprice * ('1'::double precision - f0_2.l_discount)))))
         ->  Unique  (cost=115401.26..115611.29 rows=6001 width=144)
               ->  Sort  (cost=115401.26..115416.26 rows=6001 width=144)
                     Sort Key: f0_2.l_orderkey, f0_3.o_custkey, f0_3.o_orderstatus, f0_3.o_totalprice, f0_3.o_orderdate, f0_3.o_orderpriority, f0_3.o_clerk, f0_3.o_shippriority, f0_3.o_comment, f0_5.n_name, f0_6.n_name, (date_part('year'::text, (f0_2.l_shipdate)::timestamp without time zone)), ((f0_2.l_extendedprice * ('1'::double precision - f0_2.l_discount)))
                     ->  Hash Join  (cost=63472.66..115024.66 rows=6001 width=144)
                           Hash Cond: ((f0_3.o_custkey = f0_4.c_custkey) AND (f0_6.n_nationkey = f0_4.c_nationkey))
                           ->  Hash Join  (cost=55949.66..106653.98 rows=150032 width=156)
                                 Hash Cond: (f0_3.o_orderkey = f0_2.l_orderkey)
                                 ->  Seq Scan on orders f0_3  (cost=0.00..43579.00 rows=1500000 width=112)
                                 ->  Hash  (cost=54074.26..54074.26 rows=150032 width=52)
                                       ->  Nested Loop  (cost=8.50..54074.26 rows=150032 width=52)
                                             ->  Nested Loop  (cost=8.07..115.83 rows=800 width=32)
                                                   ->  Nested Loop  (cost=0.20..14.70 rows=2 width=32)
                                                         Join Filter: (_temp_view_0.c1 = (f0_6.n_name)::text)
                                                         ->  Index Scan using nation_pkey on nation f0_6  (cost=0.14..12.51 rows=25 width=16)
                                                         ->  Materialize  (cost=0.07..1.44 rows=2 width=48)
                                                               ->  Hash Join  (cost=0.07..1.43 rows=2 width=48)
                                                                     Hash Cond: ((f0_5.n_name)::text = _temp_view_0.c0)
                                                                     ->  Seq Scan on nation f0_5  (cost=0.00..1.25 rows=25 width=16)
                                                                     ->  Hash  (cost=0.04..0.04 rows=2 width=64)
                                                                           ->  CTE Scan on _temp_view_0  (cost=0.00..0.04 rows=2 width=64)
                                                   ->  Bitmap Heap Scan on supplier f0_1  (cost=7.87..46.57 rows=400 width=16)
                                                         Recheck Cond: (s_nationkey = f0_5.n_nationkey)
                                                         ->  Bitmap Index Scan on fkey_10  (cost=0.00..7.77 rows=400 width=0)
                                                               Index Cond: (s_nationkey = f0_5.n_nationkey)
                                             ->  Index Scan using fkey_5 on lineitem f0_2  (cost=0.43..65.57 rows=188 width=36)
                                                   Index Cond: (l_suppkey = f0_1.s_suppkey)
                                                   Filter: ((l_shipdate >= '1995-01-01'::date) AND (l_shipdate <= '1996-12-31'::date))
                           ->  Hash  (cost=5273.00..5273.00 rows=150000 width=16)
                                 ->  Seq Scan on customer f0_4  (cost=0.00..5273.00 rows=150000 width=16)
         ->  Materialize  (cost=115402.28..115582.33 rows=1 width=55)
               ->  Merge Join  (cost=115402.28..115582.33 rows=1 width=55)
                     Merge Cond: (((f0_11.n_name)::text = (f0."A0")::text) AND ((f0_12.n_name)::text = (f0."A1")::text) AND ((date_part('year'::text, (f0_8.l_shipdate)::timestamp without time zone)) = f0."A2"))
                     ->  Unique  (cost=115401.26..115476.27 rows=6001 width=32)
                           ->  Sort  (cost=115401.26..115416.26 rows=6001 width=32)
                                 Sort Key: f0_11.n_name, f0_12.n_name, (date_part('year'::text, (f0_8.l_shipdate)::timestamp without time zone)), ((f0_8.l_extendedprice * ('1'::double precision - f0_8.l_discount)))
                                 ->  Hash Join  (cost=63472.66..115024.66 rows=6001 width=32)
                                       Hash Cond: ((f0_9.o_custkey = f0_10.c_custkey) AND (f0_12.n_nationkey = f0_10.c_nationkey))
                                       ->  Hash Join  (cost=55949.66..106653.98 rows=150032 width=52)
                                             Hash Cond: (f0_9.o_orderkey = f0_8.l_orderkey)
                                             ->  Seq Scan on orders f0_9  (cost=0.00..43579.00 rows=1500000 width=16)
                                             ->  Hash  (cost=54074.26..54074.26 rows=150032 width=52)
                                                   ->  Nested Loop  (cost=8.50..54074.26 rows=150032 width=52)
                                                         ->  Nested Loop  (cost=8.07..115.83 rows=800 width=32)
                                                               ->  Nested Loop  (cost=0.20..14.70 rows=2 width=32)
                                                                     Join Filter: (_temp_view_0_1.c1 = (f0_12.n_name)::text)
                                                                     ->  Index Scan using nation_pkey on nation f0_12  (cost=0.14..12.51 rows=25 width=16)
                                                                     ->  Materialize  (cost=0.07..1.44 rows=2 width=48)
                                                                           ->  Hash Join  (cost=0.07..1.43 rows=2 width=48)
                                                                                 Hash Cond: ((f0_11.n_name)::text = _temp_view_0_1.c0)
                                                                                 ->  Seq Scan on nation f0_11  (cost=0.00..1.25 rows=25 width=16)
                                                                                 ->  Hash  (cost=0.04..0.04 rows=2 width=64)
                                                                                       ->  CTE Scan on _temp_view_0 _temp_view_0_1  (cost=0.00..0.04 rows=2 width=64)
                                                               ->  Bitmap Heap Scan on supplier f0_7  (cost=7.87..46.57 rows=400 width=16)
                                                                     Recheck Cond: (s_nationkey = f0_11.n_nationkey)
                                                                     ->  Bitmap Index Scan on fkey_10  (cost=0.00..7.77 rows=400 width=0)
                                                                           Index Cond: (s_nationkey = f0_11.n_nationkey)
                                                         ->  Index Scan using fkey_5 on lineitem f0_8  (cost=0.43..65.57 rows=188 width=36)
                                                               Index Cond: (l_suppkey = f0_7.s_suppkey)
                                                               Filter: ((l_shipdate >= '1995-01-01'::date) AND (l_shipdate <= '1996-12-31'::date))
                                       ->  Hash  (cost=5273.00..5273.00 rows=150000 width=16)
                                             ->  Seq Scan on customer f0_10  (cost=0.00..5273.00 rows=150000 width=16)
                     ->  Sort  (cost=1.02..1.02 rows=1 width=23)
                           Sort Key: f0."A0", f0."A1", f0."A2"
                           ->  Seq Scan on rtpcq07 f0  (cost=0.00..1.01 rows=1 width=23)
(74 rows)

Time: 13.853 ms