Timing is on.
                                                                                                                                                                            QUERY PLAN                                                                                                                                                                             
-------------------------------------------------------------------------------------------------------------------------------------------------------------------------------------------------------------------------------------------------------------------------------------------------------------------------------------------------------------------
 Unique  (cost=115212.73..115212.76 rows=1 width=112)
   CTE _temp_view_0
     ->  Append  (cost=0.00..0.05 rows=2 width=64)
           ->  Result  (cost=0.00..0.01 rows=1 width=64)
           ->  Result  (cost=0.00..0.01 rows=1 width=64)
   ->  Sort  (cost=115212.68..115212.69 rows=1 width=112)
         Sort Key: f0_1.l_orderkey, f0_2.o_custkey, f0_2.o_orderstatus, f0_2.o_totalprice, f0_2.o_orderdate, f0_2.o_orderpriority, f0_2.o_clerk, f0_2.o_shippriority, f0_2.o_comment
         ->  Hash Join  (cost=63585.65..115212.67 rows=1 width=112)
               Hash Cond: (((f0_4.n_name)::text = (f0_10.n_name)::text) AND ((f0_5.n_name)::text = (f0_11.n_name)::text) AND (date_part('year'::text, (f0_1.l_shipdate)::timestamp without time zone) = f0_12."A2") AND ((f0_1.l_extendedprice * ('1'::double precision - f0_1.l_discount)) = (f0_7.l_extendedprice * ('1'::double precision - f0_7.l_discount))))
               ->  Hash Join  (cost=63461.39..114953.38 rows=6001 width=212)
                     Hash Cond: ((f0_2.o_custkey = f0_3.c_custkey) AND (f0_5.n_nationkey = f0_3.c_nationkey))
                     ->  Hash Join  (cost=55938.39..106642.71 rows=150032 width=220)
                           Hash Cond: (f0_2.o_orderkey = f0_1.l_orderkey)
                           ->  Seq Scan on orders f0_2  (cost=0.00..43579.00 rows=1500000 width=112)
                           ->  Hash  (cost=54062.99..54062.99 rows=150032 width=116)
                                 ->  Nested Loop  (cost=11.57..54062.99 rows=150032 width=116)
                                       ->  Nested Loop  (cost=11.13..104.56 rows=800 width=96)
                                             ->  Merge Join  (cost=3.27..3.42 rows=2 width=96)
                                                   Merge Cond: (_temp_view_0.c1 = (f0_5.n_name)::text)
                                                   ->  Sort  (cost=1.44..1.44 rows=2 width=80)
                                                         Sort Key: _temp_view_0.c1
                                                         ->  Hash Join  (cost=0.07..1.43 rows=2 width=80)
                                                               Hash Cond: ((f0_4.n_name)::text = _temp_view_0.c0)
                                                               ->  Seq Scan on nation f0_4  (cost=0.00..1.25 rows=25 width=16)
                                                               ->  Hash  (cost=0.04..0.04 rows=2 width=64)
                                                                     ->  CTE Scan on _temp_view_0  (cost=0.00..0.04 rows=2 width=64)
                                                   ->  Sort  (cost=1.83..1.89 rows=25 width=16)
                                                         Sort Key: f0_5.n_name
                                                         ->  Seq Scan on nation f0_5  (cost=0.00..1.25 rows=25 width=16)
                                             ->  Bitmap Heap Scan on supplier f0  (cost=7.87..46.57 rows=400 width=16)
                                                   Recheck Cond: (s_nationkey = f0_4.n_nationkey)
                                                   ->  Bitmap Index Scan on fkey_10  (cost=0.00..7.77 rows=400 width=0)
                                                         Index Cond: (s_nationkey = f0_4.n_nationkey)
                                       ->  Index Scan using fkey_5 on lineitem f0_1  (cost=0.43..65.57 rows=188 width=36)
                                             Index Cond: (l_suppkey = f0.s_suppkey)
                                             Filter: ((l_shipdate >= '1995-01-01'::date) AND (l_shipdate <= '1996-12-31'::date))
                     ->  Hash  (cost=5273.00..5273.00 rows=150000 width=16)
                           ->  Seq Scan on customer f0_3  (cost=0.00..5273.00 rows=150000 width=16)
               ->  Hash  (cost=124.24..124.24 rows=1 width=123)
                     ->  Nested Loop  (cost=10.23..124.24 rows=1 width=123)
                           Join Filter: (f0_11.n_nationkey = f0_9.c_nationkey)
                           ->  Nested Loop  (cost=9.81..123.78 rows=1 width=139)
                                 ->  Nested Loop  (cost=9.38..123.26 rows=1 width=139)
                                       Join Filter: (f0_12."A2" = date_part('year'::text, (f0_7.l_shipdate)::timestamp without time zone))
                                       ->  Nested Loop  (cost=8.95..54.40 rows=1 width=119)
                                             ->  Nested Loop  (cost=1.09..3.83 rows=1 width=119)
                                                   Join Filter: (((f0_10.n_name)::text = (f0_12."A0")::text) AND (_temp_view_0_1.c1 = (f0_11.n_name)::text))
                                                   ->  Hash Join  (cost=1.02..2.38 rows=1 width=39)
                                                         Hash Cond: ((f0_11.n_name)::text = (f0_12."A1")::text)
                                                         ->  Seq Scan on nation f0_11  (cost=0.00..1.25 rows=25 width=16)
                                                         ->  Hash  (cost=1.01..1.01 rows=1 width=23)
                                                               ->  Seq Scan on rtpcq07 f0_12  (cost=0.00..1.01 rows=1 width=23)
                                                   ->  Hash Join  (cost=0.07..1.43 rows=2 width=80)
                                                         Hash Cond: ((f0_10.n_name)::text = _temp_view_0_1.c0)
                                                         ->  Seq Scan on nation f0_10  (cost=0.00..1.25 rows=25 width=16)
                                                         ->  Hash  (cost=0.04..0.04 rows=2 width=64)
                                                               ->  CTE Scan on _temp_view_0 _temp_view_0_1  (cost=0.00..0.04 rows=2 width=64)
                                             ->  Bitmap Heap Scan on supplier f0_6  (cost=7.87..46.57 rows=400 width=16)
                                                   Recheck Cond: (s_nationkey = f0_10.n_nationkey)
                                                   ->  Bitmap Index Scan on fkey_10  (cost=0.00..7.77 rows=400 width=0)
                                                         Index Cond: (s_nationkey = f0_10.n_nationkey)
                                       ->  Index Scan using fkey_5 on lineitem f0_7  (cost=0.43..65.57 rows=188 width=36)
                                             Index Cond: (l_suppkey = f0_6.s_suppkey)
                                             Filter: ((l_shipdate >= '1995-01-01'::date) AND (l_shipdate <= '1996-12-31'::date))
                                 ->  Index Scan using orders_pkey on orders f0_8  (cost=0.43..0.51 rows=1 width=16)
                                       Index Cond: (o_orderkey = f0_7.l_orderkey)
                           ->  Index Scan using customer_pkey on customer f0_9  (cost=0.42..0.45 rows=1 width=16)
                                 Index Cond: (c_custkey = f0_8.o_custkey)
(68 rows)

Time: 21.796 ms