Timing is on.
                                                                                                                                  QUERY PLAN                                                                                                                                  
------------------------------------------------------------------------------------------------------------------------------------------------------------------------------------------------------------------------------------------------------------------------------
 Unique  (cost=10.05..10.43 rows=9 width=125)
   CTE _temp_view_0
     ->  Seq Scan on rtpcq03 f0_1  (cost=0.00..1.01 rows=1 width=28)
   ->  Sort  (cost=9.04..9.06 rows=9 width=125)
         Sort Key: f0.l_orderkey, f0.l_partkey, f0.l_suppkey, f0.l_linenumber, f0.l_quantity, f0.l_extendedprice, f0.l_discount, f0.l_tax, f0.l_returnflag, f0.l_linestatus, f0.l_shipdate, f0.l_commitdate, f0.l_receiptdate, f0.l_shipinstruct, f0.l_shipmode, f0.l_comment
         ->  Nested Loop  (cost=0.46..8.89 rows=9 width=125)
               ->  HashAggregate  (cost=0.03..0.04 rows=1 width=28)
                     Group Key: _temp_view_0.x1, _temp_view_0.x2, _temp_view_0.x3, _temp_view_0.x4
                     ->  CTE Scan on _temp_view_0  (cost=0.00..0.02 rows=1 width=28)
               ->  Index Scan using fkey_2 on lineitem f0  (cost=0.43..8.75 rows=9 width=125)
                     Index Cond: (l_orderkey = _temp_view_0.x1)
                     Filter: (l_shipdate > '1995-03-15'::date)
(12 rows)

Time: 3.699 ms