Timing is on.
                                                                                                                                                  QUERY PLAN                                                                                                                                                  
--------------------------------------------------------------------------------------------------------------------------------------------------------------------------------------------------------------------------------------------------------------------------------------------------------------
 Unique  (cost=11.52..11.56 rows=1 width=125)
   ->  Sort  (cost=11.52..11.52 rows=1 width=125)
         Sort Key: f0_1.o_orderkey, f0_2.l_partkey, f0_2.l_suppkey, f0_2.l_linenumber, f0_2.l_quantity, f0_2.l_extendedprice, f0_2.l_discount, f0_2.l_tax, f0_2.l_returnflag, f0_2.l_linestatus, f0_2.l_shipdate, f0_2.l_commitdate, f0_2.l_receiptdate, f0_2.l_shipinstruct, f0_2.l_shipmode, f0_2.l_comment
         ->  Nested Loop  (cost=1.28..11.51 rows=1 width=125)
               ->  Nested Loop  (cost=0.85..9.94 rows=1 width=16)
                     ->  Nested Loop  (cost=0.43..9.47 rows=1 width=24)
                           ->  Seq Scan on rtpcq03 f0_3  (cost=0.00..1.01 rows=1 width=20)
                           ->  Index Scan using orders_pkey on orders f0_1  (cost=0.43..8.45 rows=1 width=28)
                                 Index Cond: (o_orderkey = f0_3."A0")
                                 Filter: ((o_orderdate < '1995-03-15'::date) AND (f0_3."A1" = o_orderdate) AND (f0_3."A2" = o_shippriority))
                     ->  Index Scan using customer_pkey on customer f0  (cost=0.42..0.46 rows=1 width=8)
                           Index Cond: (c_custkey = f0_1.o_custkey)
                           Filter: ((c_mktsegment)::text = 'BUILDING'::text)
               ->  Index Scan using fkey_2 on lineitem f0_2  (cost=0.43..1.48 rows=9 width=125)
                     Index Cond: (l_orderkey = f0_1.o_orderkey)
                     Filter: (l_shipdate > '1995-03-15'::date)
(16 rows)

Time: 5.435 ms