Timing is on.
                                                                                                                                  QUERY PLAN                                                                                                                                  
------------------------------------------------------------------------------------------------------------------------------------------------------------------------------------------------------------------------------------------------------------------------------
 Unique  (cost=10.00..10.38 rows=9 width=125)
   ->  Sort  (cost=10.00..10.02 rows=9 width=125)
         Sort Key: f0.l_orderkey, f0.l_partkey, f0.l_suppkey, f0.l_linenumber, f0.l_quantity, f0.l_extendedprice, f0.l_discount, f0.l_tax, f0.l_returnflag, f0.l_linestatus, f0.l_shipdate, f0.l_commitdate, f0.l_receiptdate, f0.l_shipinstruct, f0.l_shipmode, f0.l_comment
         ->  Nested Loop  (cost=0.43..9.85 rows=9 width=125)
               ->  Seq Scan on rtpcq03 f0_1  (cost=0.00..1.01 rows=1 width=8)
               ->  Index Scan using fkey_2 on lineitem f0  (cost=0.43..8.75 rows=9 width=125)
                     Index Cond: (l_orderkey = f0_1."A0")
                     Filter: (l_shipdate > '1995-03-15'::date)
(8 rows)

Time: 3.383 ms