Timing is on.
                                                                                                                                  QUERY PLAN                                                                                                                                  
------------------------------------------------------------------------------------------------------------------------------------------------------------------------------------------------------------------------------------------------------------------------------
 Unique  (cost=9169.03..9181.53 rows=294 width=125)
   CTE _temp_view_0
     ->  Seq Scan on rtpcq05 f0_7  (cost=0.00..1.01 rows=1 width=14)
   ->  Sort  (cost=9168.02..9168.76 rows=294 width=125)
         Sort Key: f0.l_orderkey, f0.l_partkey, f0.l_suppkey, f0.l_linenumber, f0.l_quantity, f0.l_extendedprice, f0.l_discount, f0.l_tax, f0.l_returnflag, f0.l_linestatus, f0.l_shipdate, f0.l_commitdate, f0.l_receiptdate, f0.l_shipinstruct, f0.l_shipmode, f0.l_comment
         ->  Hash Join  (cost=569.90..9155.97 rows=294 width=125)
               Hash Cond: ((f0.l_suppkey = f0_2.s_suppkey) AND (f0_3.c_nationkey = f0_2.s_nationkey))
               ->  Nested Loop  (cost=92.90..8640.39 rows=7349 width=141)
                     ->  Nested Loop  (cost=92.47..2808.51 rows=1837 width=24)
                           ->  Nested Loop  (cost=92.04..754.27 rows=1200 width=24)
                                 ->  Nested Loop  (cost=0.16..14.01 rows=1 width=8)
                                       Join Filter: (f0_4.n_regionkey = f0_5.r_regionkey)
                                       ->  Nested Loop  (cost=0.16..12.94 rows=1 width=16)
                                             Join Filter: ((f0_4.n_name)::text = (f0_6."A0")::text)
                                             ->  Index Scan using nation_pkey on nation f0_4  (cost=0.14..12.51 rows=25 width=24)
                                             ->  Materialize  (cost=0.03..0.05 rows=1 width=68)
                                                   ->  Subquery Scan on f0_6  (cost=0.03..0.05 rows=1 width=68)
                                                         ->  HashAggregate  (cost=0.03..0.04 rows=1 width=76)
                                                               Group Key: _temp_view_0.x1, _temp_view_0.x2
                                                               ->  CTE Scan on _temp_view_0  (cost=0.00..0.02 rows=1 width=76)
                                       ->  Seq Scan on region f0_5  (cost=0.00..1.06 rows=1 width=8)
                                             Filter: ((r_name)::text = 'ASIA'::text)
                                 ->  Bitmap Heap Scan on customer f0_3  (cost=91.88..680.26 rows=6000 width=16)
                                       Recheck Cond: (c_nationkey = f0_4.n_nationkey)
                                       ->  Bitmap Index Scan on fkey_1  (cost=0.00..90.38 rows=6000 width=0)
                                             Index Cond: (c_nationkey = f0_4.n_nationkey)
                           ->  Index Scan using fkey_7 on orders f0_1  (cost=0.43..1.68 rows=3 width=16)
                                 Index Cond: (o_custkey = f0_3.c_custkey)
                                 Filter: ((o_orderdate >= '1994-01-01'::date) AND (o_orderdate < '1995-01-01'::date))
                     ->  Index Scan using fkey_2 on lineitem f0  (cost=0.43..3.01 rows=16 width=125)
                           Index Cond: (l_orderkey = f0_1.o_orderkey)
               ->  Hash  (cost=327.00..327.00 rows=10000 width=16)
                     ->  Seq Scan on supplier f0_2  (cost=0.00..327.00 rows=10000 width=16)
(33 rows)

Time: 9.981 ms